<?xml version="1.0" encoding="UTF-8"?>
<!-- Generated by org.testng.reporters.JUnitXMLReporter -->
<testsuite hostname="SVINLP00304" name="Surefire test" tests="1" failures="1" timestamp="6 Jul 2020 11:22:00 GMT" time="69.107" errors="0">
  <testcase name="run on run(com.stories.Stories)" time="68.823" classname="com.stories.Stories">
    <failure type="org.jbehave.core.embedder.Embedder$RunningStoriesFailed" message="Failures in running stories: ReportsCount[stories=2,storiesNotAllowed=0,storiesPending=1,scenarios=5,scenariosFailed=4,scenariosNotAllowed=0,scenariosPending=1,stepsFailed=4]">
      <![CDATA[org.jbehave.core.embedder.Embedder$RunningStoriesFailed: Failures in running stories: ReportsCount[stories=2,storiesNotAllowed=0,storiesPending=1,scenarios=5,scenariosFailed=4,scenariosNotAllowed=0,scenariosPending=1,stepsFailed=4]
	at org.jbehave.core.embedder.Embedder$ThrowingRunningStoriesFailed.handleFailures(Embedder.java:568)
	at org.jbehave.core.embedder.Embedder.handleFailures(Embedder.java:281)
	at org.jbehave.core.embedder.Embedder.generateReportsView(Embedder.java:268)
	at org.jbehave.core.embedder.Embedder.generateReportsView(Embedder.java:249)
	at org.jbehave.core.embedder.Embedder.runStoriesAsPaths(Embedder.java:223)
	at org.jbehave.core.junit.JUnitStories.run(JUnitStories.java:21)
	at org.junit.runners.model.FrameworkMethod$1.runReflectiveCall(FrameworkMethod.java:50)
	at org.junit.internal.runners.model.ReflectiveCallable.run(ReflectiveCallable.java:12)
	at org.junit.runners.model.FrameworkMethod.invokeExplosively(FrameworkMethod.java:47)
	at org.junit.internal.runners.statements.InvokeMethod.evaluate(InvokeMethod.java:17)
	at org.junit.runners.ParentRunner.runLeaf(ParentRunner.java:325)
	at org.junit.runners.BlockJUnit4ClassRunner.runChild(BlockJUnit4ClassRunner.java:78)
	at org.junit.runners.BlockJUnit4ClassRunner.runChild(BlockJUnit4ClassRunner.java:57)
	at org.junit.runners.ParentRunner$3.run(ParentRunner.java:290)
	at org.junit.runners.ParentRunner$1.schedule(ParentRunner.java:71)
	at org.junit.runners.ParentRunner.runChildren(ParentRunner.java:288)
	at org.junit.runners.ParentRunner.access$000(ParentRunner.java:58)
	at org.junit.runners.ParentRunner$2.evaluate(ParentRunner.java:268)
	at org.junit.runners.ParentRunner.run(ParentRunner.java:363)
	at org.junit.runner.JUnitCore.run(JUnitCore.java:137)
	at org.junit.runner.JUnitCore.run(JUnitCore.java:115)
... Removed 26 stack frames]]>
    </failure>
  </testcase> <!-- run on run(com.stories.Stories) -->
</testsuite> <!-- Surefire test -->
