<?xml version="1.0" encoding="UTF-8"?>
<testng-results skipped="0" failed="0" total="1" passed="1">
  <reporter-output>
  </reporter-output>
  <suite name="Surefire suite" duration-ms="258110" started-at="2020-07-09T15:50:57Z" finished-at="2020-07-09T15:55:15Z">
    <groups>
    </groups>
    <test name="Surefire test" duration-ms="258110" started-at="2020-07-09T15:50:57Z" finished-at="2020-07-09T15:55:15Z">
      <class name="com.stories.Stories">
        <test-method status="PASS" signature="run()[pri:0, instance:run(com.stories.Stories)]" name="run" duration-ms="257732" started-at="2020-07-09T21:20:57Z" finished-at="2020-07-09T21:25:15Z">
          <reporter-output>
          </reporter-output>
        </test-method> <!-- run -->
      </class> <!-- com.stories.Stories -->
    </test> <!-- Surefire test -->
  </suite> <!-- Surefire suite -->
</testng-results>
